<?xml version="1.0" encoding="UTF-8"?>
<!-- Generated by org.testng.reporters.JUnitReportReporter -->
<testsuite skipped="0" hostname="DESKTOP-J1PVV9H" name="com.enetbanking.testcases.TC_AddCustomerTest_003" tests="1" failures="0" timestamp="16 May 2021 17:36:14 GMT" time="18.148" errors="0">
  <testcase name="addNewCustomer" time="18.148" classname="com.enetbanking.testcases.TC_AddCustomerTest_003"/>
</testsuite> <!-- com.enetbanking.testcases.TC_AddCustomerTest_003 -->
