<?xml version="1.0" encoding="UTF-8"?>
<!-- Generated by org.testng.reporters.JUnitReportReporter -->
<testsuite skipped="0" hostname="DESKTOP-J1PVV9H" name="com.enetbanking.testcases.TC_EditCustomer" tests="1" failures="0" timestamp="20 May 2021 06:49:15 GMT" time="13.901" errors="0">
  <testcase name="editcustomer" time="13.901" classname="com.enetbanking.testcases.TC_EditCustomer"/>
</testsuite> <!-- com.enetbanking.testcases.TC_EditCustomer -->
