<?xml version="1.0" encoding="UTF-8"?>
<!-- Generated by org.testng.reporters.JUnitReportReporter -->
<testsuite skipped="0" hostname="DESKTOP-J1PVV9H" name="com.enetbanking.testcases.TC_LoginTest_001" tests="1" failures="0" timestamp="16 May 2021 17:40:23 GMT" time="3.414" errors="0">
  <testcase name="loginTest" time="3.414" classname="com.enetbanking.testcases.TC_LoginTest_001"/>
</testsuite> <!-- com.enetbanking.testcases.TC_LoginTest_001 -->
