<?xml version="1.0" encoding="UTF-8"?>
<!-- Generated by org.testng.reporters.JUnitReportReporter -->
<testsuite skipped="0" hostname="DESKTOP-J1PVV9H" name="com.enetbanking.testcases.TC_AddCustomerTest_003" tests="1" failures="0" timestamp="18 May 2021 06:13:31 GMT" time="20.820" errors="0">
  <testcase name="addNewCustomer" time="20.820" classname="com.enetbanking.testcases.TC_AddCustomerTest_003"/>
</testsuite> <!-- com.enetbanking.testcases.TC_AddCustomerTest_003 -->
