<?xml version="1.0" encoding="UTF-8"?>
<!-- Generated by org.testng.reporters.JUnitReportReporter -->
<testsuite skipped="0" hostname="DESKTOP-J1PVV9H" name="com.enetbanking.testcases.TC_LoginTest_001" tests="1" failures="0" timestamp="18 May 2021 06:13:31 GMT" time="4.825" errors="0">
  <testcase name="loginTest" time="4.825" classname="com.enetbanking.testcases.TC_LoginTest_001"/>
</testsuite> <!-- com.enetbanking.testcases.TC_LoginTest_001 -->
